2013-01-28 18:08:55,932 INFO [main] [lifecycle] Real path of servlet context: D:\workspace\bamboo\startBuildNotificationPlugin\target\bamboo\bamboo-webapp
2013-01-28 18:08:56,056 INFO [main] [lifecycle] Starting Bamboo 2.0 (build #801)
2013-01-28 18:08:56,059 INFO [main] [[/bamboo]] Initializing Spring root WebApplicationContext
2013-01-28 18:08:56,924 INFO [main] [BambooBootstrapPlaceholderConfigurer] Loading properties file from class path resource [bamboo-init.properties]
2013-01-28 18:08:57,695 WARN [main] [CustomType] custom type does not implement Serializable: class com.atlassian.bamboo.security.acegi.acls.HibernateSidUserType
2013-01-28 18:08:57,695 WARN [main] [CustomType] custom type does not implement Serializable: class com.atlassian.bamboo.security.acegi.acls.HibernateSidUserType
2013-01-28 18:08:57,696 WARN [main] [CustomType] custom type does not implement Serializable: class com.atlassian.bamboo.security.acegi.acls.HibernatePermissionUserType
2013-01-28 18:08:57,696 INFO [main] [ConfigurableLocalSessionFactoryBean] Building new Hibernate SessionFactory
2013-01-28 18:08:57,736 INFO [main] [MLog] MLog clients using log4j logging.
2013-01-28 18:08:57,928 INFO [main] [C3P0Registry] Initializing c3p0-0.9.1.1 [built 15-March-2007 01:32:31; debug? true; trace: 10]
2013-01-28 18:08:57,988 INFO [main] [AbstractPoolBackedDataSource] Initializing c3p0 pool... com.mchange.v2.c3p0.PoolBackedDataSource@e568ca01 [ connectionPoolDataSource -> com.mchange.v2.c3p0.WrapperConnectionPoolDataSource@731c652e [ acquireIncrement -> 1, acquireRetryAttempts -> 30, acquireRetryDelay -> 1000, autoCommitOnClose -> false, automaticTestTable -> null, breakAfterAcquireFailure -> false, checkoutTimeout -> 0, connectionCustomizerClassName -> null, connectionTesterClassName -> com.mchange.v2.c3p0.impl.DefaultConnectionTester, debugUnreturnedConnectionStackTraces -> false, factoryClassLocation -> null, forceIgnoreUnresolvedTransactions -> false, identityToken -> 1bqorzz8szxfmb21auxpg2|4fc64ed8, idleConnectionTestPeriod -> 100, initialPoolSize -> 0, maxAdministrativeTaskTime -> 0, maxConnectionAge -> 0, maxIdleTime -> 30, maxIdleTimeExcessConnections -> 0, maxPoolSize -> 15, maxStatements -> 0, maxStatementsPerConnection -> 0, minPoolSize -> 0, nestedDataSource -> com.mchange.v2.c3p0.DriverManagerDataSource@dbcaec46 [ description -> null, driverClass -> null, factoryClassLocation -> null, identityToken -> 1bqorzz8szxfmb21auxpg2|2cea3932, jdbcUrl -> jdbc:hsqldb:D:\workspace\bamboo\startBuildNotificationPlugin\target\bamboo\bamboo-config/bamboo-home/database/defaultdb, properties -> {user=******, password=******} ], preferredTestQuery -> null, propertyCycle -> 0, testConnectionOnCheckin -> false, testConnectionOnCheckout -> false, unreturnedConnectionTimeout -> 0, usesTraditionalReflectiveProxies -> false; userOverrides: {} ], dataSourceName -> null, factoryClassLocation -> null, identityToken -> 1bqorzz8szxfmb21auxpg2|3ab28980, numHelperThreads -> 3 ]
2013-01-28 18:08:58,237 WARN [main] [EhCacheProvider] Could not find configuration [com.atlassian.user.impl.hibernate.DefaultHibernateExternalEntity]; using defaults.
2013-01-28 18:08:58,238 WARN [main] [EhCacheProvider] Could not find configuration [com.atlassian.user.impl.hibernate.DefaultHibernateExternalEntity.groups]; using defaults.
2013-01-28 18:08:58,238 WARN [main] [EhCacheProvider] Could not find configuration [bucket.user.propertyset.BucketPropertySetItem]; using defaults.
2013-01-28 18:08:58,648 WARN [main] [EhCacheProvider] Could not find configuration [net.sf.hibernate.cache.UpdateTimestampsCache]; using defaults.
2013-01-28 18:08:58,649 WARN [main] [EhCacheProvider] Could not find configuration [net.sf.hibernate.cache.StandardQueryCache]; using defaults.
2013-01-28 18:08:59,700 INFO [main] [LuceneConnectionImpl] Ensuring the index directoyr is valid
2013-01-28 18:08:59,966 INFO [main] [QuartzScheduler] Quartz Scheduler v.1.5.2 created.
2013-01-28 18:08:59,968 INFO [main] [RAMJobStore] RAMJobStore initialized.
2013-01-28 18:08:59,968 INFO [main] [StdSchedulerFactory] Quartz scheduler 'QuartzScheduler' initialized from an externally provided properties instance.
2013-01-28 18:08:59,968 INFO [main] [StdSchedulerFactory] Quartz scheduler version: 1.5.2
2013-01-28 18:08:59,969 INFO [main] [QuartzScheduler] JobFactory set to: com.atlassian.bamboo.quartz.AutowiringJobFactory@c22b29a
2013-01-28 18:08:59,969 INFO [main] [QuartzScheduler] Scheduler QuartzScheduler_$_NON_CLUSTERED started.
2013-01-28 18:09:00,244 INFO [main] [KahaStore] Kaha Store deleted data directory D:\workspace\bamboo\startBuildNotificationPlugin\target\bamboo\bamboo-config\bamboo-home\jms-store\kaha.db
2013-01-28 18:09:00,246 INFO [main] [BrokerService] ActiveMQ 4.1.1 JMS Message Broker (bamboo) is starting
2013-01-28 18:09:00,246 INFO [main] [BrokerService] For help or more information please see: http://incubator.apache.org/activemq/
2013-01-28 18:09:00,270 INFO [main] [KahaStore] Kaha Store using data directory D:\workspace\bamboo\startBuildNotificationPlugin\target\bamboo\bamboo-config\bamboo-home\jms-store\kaha.db
2013-01-28 18:09:00,307 INFO [main] [BrokerService] ActiveMQ JMS Message Broker (bamboo, ID:Tishenko-56330-1359382140068-1:0) started
2013-01-28 18:09:00,727 INFO [main] [TransportConnector] Connector vm://bamboo Started
2013-01-28 18:09:01,315 INFO [main] [WebWorkSpringObjectFactory] Initializing WebWork-Spring integration...
2013-01-28 18:09:01,320 INFO [main] [DefaultConfiguration] Loading global messages from com.atlassian.bamboo.ww2.BambooActionSupport
2013-01-28 18:09:01,321 INFO [main] [SpringObjectFactory] Setting autowire strategy to name
2013-01-28 18:09:01,321 INFO [main] [WebWorkSpringObjectFactory] ... initialized WebWork-Spring integration successfully
2013-01-28 18:09:01,421 INFO [main] [UpgradeLauncher] Checking if schema update is required...
2013-01-28 18:09:01,531 WARN [main] [CustomType] custom type does not implement Serializable: class com.atlassian.bamboo.security.acegi.acls.HibernateSidUserType
2013-01-28 18:09:01,531 WARN [main] [CustomType] custom type does not implement Serializable: class com.atlassian.bamboo.security.acegi.acls.HibernateSidUserType
2013-01-28 18:09:01,532 WARN [main] [CustomType] custom type does not implement Serializable: class com.atlassian.bamboo.security.acegi.acls.HibernatePermissionUserType
2013-01-28 18:09:01,609 INFO [main] [AbstractPoolBackedDataSource] Initializing c3p0 pool... com.mchange.v2.c3p0.PoolBackedDataSource@2165e4cd [ connectionPoolDataSource -> com.mchange.v2.c3p0.WrapperConnectionPoolDataSource@dbb93e51 [ acquireIncrement -> 1, acquireRetryAttempts -> 30, acquireRetryDelay -> 1000, autoCommitOnClose -> false, automaticTestTable -> null, breakAfterAcquireFailure -> false, checkoutTimeout -> 0, connectionCustomizerClassName -> null, connectionTesterClassName -> com.mchange.v2.c3p0.impl.DefaultConnectionTester, debugUnreturnedConnectionStackTraces -> false, factoryClassLocation -> null, forceIgnoreUnresolvedTransactions -> false, identityToken -> 1bqorzz8szxfmb21auxpg2|6ea53502, idleConnectionTestPeriod -> 100, initialPoolSize -> 0, maxAdministrativeTaskTime -> 0, maxConnectionAge -> 0, maxIdleTime -> 30, maxIdleTimeExcessConnections -> 0, maxPoolSize -> 15, maxStatements -> 0, maxStatementsPerConnection -> 0, minPoolSize -> 0, nestedDataSource -> com.mchange.v2.c3p0.DriverManagerDataSource@120a097d [ description -> null, driverClass -> null, factoryClassLocation -> null, identityToken -> 1bqorzz8szxfmb21auxpg2|7366fdde, jdbcUrl -> jdbc:hsqldb:D:\workspace\bamboo\startBuildNotificationPlugin\target\bamboo\bamboo-config/bamboo-home/database/defaultdb, properties -> {user=******, password=******} ], preferredTestQuery -> null, propertyCycle -> 0, testConnectionOnCheckin -> false, testConnectionOnCheckout -> false, unreturnedConnectionTimeout -> 0, usesTraditionalReflectiveProxies -> false; userOverrides: {} ], dataSourceName -> null, factoryClassLocation -> null, identityToken -> 1bqorzz8szxfmb21auxpg2|311e170c, numHelperThreads -> 3 ]
2013-01-28 18:09:01,766 INFO [main] [UpgradeLauncher] Initialising Bamboo container from UpgradeLauncher
2013-01-28 18:09:01,791 INFO [main] [BambooContainer] Initing Velocity engine...
2013-01-28 18:09:01,852 INFO [main] [BambooContainer] Initing Authentication...
2013-01-28 18:09:01,853 INFO [main] [BambooContainer] Initing PluginManager...
2013-01-28 18:09:03,192 ERROR [main] [XmlDescriptorParser] There were problems loading the module 'notificationType' in plugin 'Start Build Notification Plugin'. The module has been disabled.
2013-01-28 18:09:03,193 ERROR [main] [XmlDescriptorParser] Cannot find ModuleDescriptor class for plugin of type 'notificationType'.
com.atlassian.plugin.PluginParseException: Cannot find ModuleDescriptor class for plugin of type 'notificationType'.
	at com.atlassian.bamboo.plugin.BambooModuleDescriptorFactory.getModuleDescriptor(BambooModuleDescriptorFactory.java:42)
	at com.atlassian.plugin.parsers.XmlDescriptorParser.createModuleDescriptor(XmlDescriptorParser.java:124)
	at com.atlassian.plugin.parsers.XmlDescriptorParser.configurePlugin(XmlDescriptorParser.java:85)
	at com.atlassian.plugin.loaders.SinglePluginLoader.loadPlugin(SinglePluginLoader.java:89)
	at com.atlassian.plugin.loaders.SinglePluginLoader.loadAllPlugins(SinglePluginLoader.java:50)
	at com.atlassian.plugin.loaders.ClassPathPluginLoader.loadClassPathPlugins(ClassPathPluginLoader.java:50)
	at com.atlassian.plugin.loaders.ClassPathPluginLoader.loadAllPlugins(ClassPathPluginLoader.java:67)
	at com.atlassian.plugin.DefaultPluginManager.init(DefaultPluginManager.java:73)
	at com.atlassian.bamboo.container.BambooContainer.init(BambooContainer.java:157)
	at com.atlassian.bamboo.container.BambooContainer.initialise(BambooContainer.java:124)
	at com.atlassian.bamboo.upgrade.UpgradeLauncher.initialiseBambooContainer(UpgradeLauncher.java:149)
	at com.atlassian.bamboo.upgrade.UpgradeLauncher.upgradeAndStartBamboo(UpgradeLauncher.java:94)
	at com.atlassian.bamboo.upgrade.UpgradeLauncher.contextInitialized(UpgradeLauncher.java:37)
	at org.apache.catalina.core.StandardContext.listenerStart(StandardContext.java:3764)
	at org.apache.catalina.core.StandardContext.start(StandardContext.java:4216)
	at org.apache.catalina.core.ContainerBase.start(ContainerBase.java:1014)
	at org.apache.catalina.core.StandardHost.start(StandardHost.java:736)
	at org.apache.catalina.core.ContainerBase.start(ContainerBase.java:1014)
	at org.apache.catalina.core.StandardEngine.start(StandardEngine.java:443)
	at org.apache.catalina.core.StandardService.start(StandardService.java:448)
	at org.apache.catalina.core.StandardServer.start(StandardServer.java:700)
	at org.apache.catalina.startup.Catalina.start(Catalina.java:552)
	at sun.reflect.NativeMethodAccessorImpl.invoke0(Native Method)
	at sun.reflect.NativeMethodAccessorImpl.invoke(NativeMethodAccessorImpl.java:39)
	at sun.reflect.DelegatingMethodAccessorImpl.invoke(DelegatingMethodAccessorImpl.java:25)
	at java.lang.reflect.Method.invoke(Method.java:597)
	at org.apache.catalina.startup.Bootstrap.start(Bootstrap.java:295)
	at org.apache.catalina.startup.Bootstrap.main(Bootstrap.java:433)
2013-01-28 18:09:03,264 INFO [main] [BambooContainer] Initing BuilderManager...
2013-01-28 18:09:03,267 INFO [main] [UpgradeLauncher] Initialisation completed.
2013-01-28 18:09:03,267 INFO [main] [UpgradeLauncher] Current data is at build number: 713. Upgrade required. Firing upgrade manager...
2013-01-28 18:09:03,269 INFO [main] [UpgradeManagerImpl] Found 0 upgrade tasks
2013-01-28 18:09:03,277 INFO [main] [BambooContainer] Starting Bamboo...
2013-01-28 18:09:03,360 INFO [main] [DefaultBuildAgent] Ensuring the temp path 'D:\workspace\bamboo\startBuildNotificationPlugin\target\bamboo\tomcat5x\temp' exists.
2013-01-28 18:09:03,362 INFO [main] [DefaultBuildAgent] Build agent 'Default Agent' started. Waiting for builds...
2013-01-28 18:09:03,362 INFO [BAM::Default Agent::Agent] [BuildAgentControllerImpl] Agent 'Default Agent' ready to take build from queue...
2013-01-28 18:09:03,364 INFO [BAM::Default Agent::Agent] [JmsSelectorUtils] allowableSelector: allowableAgents LIKE '%[131073]%'
2013-01-28 18:09:03,377 INFO [main] [BambooSmackClient] No IM server specified. Bambo Smack client not initiated.
2013-01-28 18:09:03,405 INFO [main] [BambooContainer] Initialising builds...
2013-01-28 18:09:03,417 INFO [main] [BambooContainer] Checking build repository configurations...
2013-01-28 18:09:03,418 INFO [main] [BambooContainer] Bamboo version 2.0 initialised OK
2013-01-28 18:09:03,418 INFO [main] [BambooContainer] Using bamboo.home: 
2013-01-28 18:09:03,494 INFO [main] [[/bamboo]] org.tuckey.web.filters.urlrewrite.utils.Log ERROR: logLevelConf: null
2013-01-28 18:09:03,511 INFO [main] [[/bamboo]] org.tuckey.web.filters.urlrewrite.UrlRewriteFilter INFO: loaded (conf ok)
2013-01-28 18:09:03,521 INFO [main] [[/bamboo]]  [CompressingFilter/1.4] CompressingFilter has initialized
